2023-08-06 05:21:30.682474 - Initialized conversion of CBT581
2023-08-06 05:21:30.821969 - Received CBT.V505.FILE581.PDS from FILE581.XMI 
2023-08-06 05:21:30.824448 - Found $$$$NOTE.txt (text/plain) in CBT.V505.FILE581.PDS, moved to PDS/$$$$NOTE
2023-08-06 05:21:30.825581 - Found $$$#DATE.txt (text/plain) in CBT.V505.FILE581.PDS, moved to PDS/$$$#DATE
2023-08-06 05:21:30.826504 - Found $$$NOTE.txt (text/plain) in CBT.V505.FILE581.PDS, moved to PDS/$$$NOTE
2023-08-06 05:21:30.827507 - Found $$$NOTED.txt (text/plain) in CBT.V505.FILE581.PDS, moved to PDS/$$$NOTED
2023-08-06 05:21:30.828442 - Found $$$NOTE1.txt (text/plain) in CBT.V505.FILE581.PDS, moved to PDS/$$$NOTE1
2023-08-06 05:21:30.869630 - Found $ALLDOCS.xmi (application/xmit) in CBT.V505.FILE581.PDS
2023-08-06 05:21:30.880261   - Received to CBT581/FILE581.DOCS
2023-08-06 05:21:30.880398 - Found $DRSTUFF.zip (application/zip), trying to unzip
2023-08-06 05:21:30.880548 - Found $DRSTUFF.zip (application/zip), extracting to CBT581/$DRSTUFF
2023-08-06 05:21:30.883524 - Found @FILE581.txt (text/plain) in CBT.V505.FILE581.PDS, moved to PDS/@FILE581
2023-08-06 05:21:30.929546 - Found EXEC.xmi (application/xmit) in CBT.V505.FILE581.PDS
2023-08-06 05:21:30.935391   - Received to CBT581/RECOVER.EXEC
2023-08-06 05:21:30.996456 - Found ISPANEL.xmi (application/xmit) in CBT.V505.FILE581.PDS
2023-08-06 05:21:31.010544   - Received to CBT581/RECOVER.ISPANEL
2023-08-06 05:21:31.027712 - Found ISPSKEL.xmi (application/xmit) in CBT.V505.FILE581.PDS
2023-08-06 05:21:31.032315   - Received to CBT581/RECOVER.ISPSKEL
2023-08-06 05:21:31.039882 - Found ISPTABL.xmi (application/xmit) in CBT.V505.FILE581.PDS
2023-08-06 05:21:31.043358   - Received to CBT581/RECOVER.ISPTABL
2023-08-06 05:21:31.078866 - Found JCLJOBS.xmi (application/xmit) in CBT.V505.FILE581.PDS
2023-08-06 05:21:31.085483   - Received to CBT581/BACKUP.JCL
2023-08-06 05:21:31.287078 - Found JCLLIB.xmi (application/xmit) in CBT.V505.FILE581.PDS
2023-08-06 05:21:31.324392   - Received to CBT581/RECOVER.JCLLIB
2023-08-06 05:21:31.331709 - Found JCL01.xmi (application/xmit) in CBT.V505.FILE581.PDS
2023-08-06 05:21:31.335115   - Received to CBT581/RECOVER.JCL01
